#
# A fatal error has been detected by the Java Runtime Environment:
#
#  SIGBUS (0x7) at pc=0x00003fff8864af90, pid=207072, tid=0x00003fff8775f1d0
#
# JRE version:  (8.0_141-b16) (build )
# Java VM: OpenJDK 64-Bit Server VM (25.141-b16 mixed mode linux-ppc64 compressed oops)
# Problematic frame:
# C  [libc.so.6+0xaaf90]  __memset_power7+0x1f0
#
# Failed to write core dump. Core dumps have been disabled. To enable core dumping, try "ulimit -c unlimited" before starting Java again
#
# If you would like to submit a bug report, please visit:
#   http://bugreport.java.com/bugreport/crash.jsp
#

---------------  T H R E A D  ---------------

Current thread is native thread

siginfo: si_signo: 7 (SIGBUS), si_code: 2 (BUS_ADRERR), si_addr: 0x00003fff87490000

Registers:
pc =0x00003fff8864af90  lr =0x00003fff882adc24  ctr=0x0000000000000200  
r0 =0xffffc00078b70000  r1 =0x00003fff8775e1c0  r2 =0x00003fff88779800  
r3 =0x00003fff87490000  r4 =0x0000000000000000  r5 =0x0000000000010000  
r6 =0x0000000000000001  r7 =0x0000000000000002  r8 =0x0000000000000200  
r9 =0x0000000000002000  r10=0x00003fff87490000  r11=0x0000000000000000  
r12=0x0000000000010000  r13=0x00003fff87766900  r14=0x00003fff80007e10  
r15=0x00003fff80007dd0  r16=0x00003fff884b54a0  r17=0x00003fff887bf110  
r18=0x00003fff8775e228  r19=0x00003fff80007df0  r20=0x0000000000000000  
r21=0x00003fff800078a0  r22=0x00003fff80008cb0  r23=0x00003fff80007e27  
r24=0x00003fff885502cc  r25=0x00003fff80008cb0  r26=0x0000000000000000  
r27=0x00003fff87490000  r28=0x0000000000010000  r29=0x0000000000000005  
r30=0x00003fff8775e250  r31=0x00003fff8775e1c0  

Top of Stack: (sp=0x00003fff8775e1c0)
0x00003fff8775e1c0:   00003fff8775e380 0000000044004848
0x00003fff8775e1d0:   00003fff882adc00 00003fff8856d900
0x00003fff8775e1e0:   00000100199b0108 00003fffe451fad9
0x00003fff8775e1f0:   0000000000000044 00003fff887bf110
0x00003fff8775e200:   00003fff887bf100 0000000000000001
0x00003fff8775e210:   00003fff887bf0f0 0000000000000001
0x00003fff8775e220:   00003fff8775e250 0000000000000000
0x00003fff8775e230:   0000000000000000 0000000000000000
0x00003fff8775e240:   0000000000000000 0000000000000000
0x00003fff8775e250:   0000000000000000 0000000008061251
0x00003fff8775e260:   0000000000000001 000003f200008180
0x00003fff8775e270:   00000000000003f3 0000000000000000
0x00003fff8775e280:   0000000000000000 0000000000010000
0x00003fff8775e290:   0000000000000000 000000005b37ec9e
0x00003fff8775e2a0:   000000003a604095 000000005b37ec9e
0x00003fff8775e2b0:   000000003a604095 000000005b37ec9e
0x00003fff8775e2c0:   000000003a604095 0000000000000000
0x00003fff8775e2d0:   0000000000000000 0000000000000000
0x00003fff8775e2e0:   00003fff8854d680 0e447007430d2f00
0x00003fff8775e2f0:   00000100199b0108 00003fffe451fad9
0x00003fff8775e300:   0000000000000044 00003fff887bf110
0x00003fff8775e310:   00003fff887bf100 0000000000000001
0x00003fff8775e320:   00003fff887bf0f0 0000000000000001
0x00003fff8775e330:   00000100199b0110 0000000000000001
0x00003fff8775e340:   00003fff885676d8 0000000000000001
0x00003fff8775e350:   00003fff8854d680 00003fff8775e4c8
0x00003fff8775e360:   00003fff8775e650 0000000000017fff
0x00003fff8775e370:   00003fff88577860 00003fff8775e380
0x00003fff8775e380:   00003fff8775e3f0 0000000000002200
0x00003fff8775e390:   00003fff882abfe0 0e447007430d2f00
0x00003fff8775e3a0:   00003fff8775e3f0 00003fff8775e4a0
0x00003fff8775e3b0:   00003fff885676a8 00003fff8775e3c0
0x00003fff8775e3c0:   00003fff8775e3f0 0e447007430d2f00
0x00003fff8775e3d0:   00003fff87c1b134 00003fff8775e4a0
0x00003fff8775e3e0:   00003fff885676a8 00003fff8775e3f0
0x00003fff8775e3f0:   00003fff8775e420 00003fff8775e4c8
0x00003fff8775e400:   00003fff87f39d28 00003fff8775e4a0
0x00003fff8775e410:   0000000000000000 00003fff8775e420
0x00003fff8775e420:   00003fff8775e5f0 0000000000002200
0x00003fff8775e430:   00003fff883cdbac 0000000000000000
0x00003fff8775e440:   00003fff8775e480 0000000000000000
0x00003fff8775e450:   00003fff8775e480 0000000000000000
0x00003fff8775e460:   00003fff8775e690 0000000000000000
0x00003fff8775e470:   000000000000000b 00000100199b27e8
0x00003fff8775e480:   00003fff8775e5c0 0000000000000000
0x00003fff8775e490:   00003fff888ae55c 0000000000000000
0x00003fff8775e4a0:   0000000000000001 0000016452744ce0
0x00003fff8775e4b0:   0000000000000000 0000000000000000
0x00003fff8775e4c0:   0000000000000000 0000000000000100
0x00003fff8775e4d0:   0000000000000000 0000000000000000
0x00003fff8775e4e0:   0000000000000000 00003fff888e4550
0x00003fff8775e4f0:   00003fff888e3e00 00003fff88822d32
0x00003fff8775e500:   00003fff885b1038 00003fff88820ee0
0x00003fff8775e510:   0000000500000000 00000001000003f0
0x00003fff8775e520:   0000000000000005 0000000000000000
0x00003fff8775e530:   0000000000000000 00003fffe451fad9
0x00003fff8775e540:   0000000000000044 00003fff887bf110
0x00003fff8775e550:   0000000000000000 00000000a8428197
0x00003fff8775e560:   00003fff888e2d98 0e447007430d2f00
0x00003fff8775e570:   00003fff8775e6a8 00003fff887bf110
0x00003fff8775e580:   00003fff887bf100 0000000000000001
0x00003fff8775e590:   00003fff887bf0f0 0000000000000001
0x00003fff8775e5a0:   00000100199b0110 0000000000000001
0x00003fff8775e5b0:   00003fffe451fad9 0000000000000001 

Instructions: (pc=0x00003fff8864af90)
0x00003fff8864af50:   f88a0018 394a0020 60000000 60420000
0x00003fff8864af60:   409e0010 f88a0000 f88a0008 394a0010
0x00003fff8864af70:   409f000c f88a0000 394a0008 78a8c9c2
0x00003fff8864af80:   78ab0660 2b2b0000 7d0903a6 60420000
0x00003fff8864af90:   7c0057ec 394a0080 4200fff8 4d9a0020
0x00003fff8864afa0:   7d235050 7ca96050 78a8e8c2 2b280000
0x00003fff8864afb0:   7d101120 419a0068 409c0028 f88a0000
0x00003fff8864afc0:   f88a0008 f88a0010 f88a0018 f88a0020 


Stack: [0x00003fff87560000,0x00003fff87760000],  sp=0x00003fff8775e1c0,  free space=2040k
Native frames: (J=compiled Java code, j=interpreted, Vv=VM code, C=native code)
C  [libc.so.6+0xaaf90]  __memset_power7+0x1f0
V  [libjvm.so+0x89bfe0]
V  [libjvm.so+0x529d28]
V  [libjvm.so+0x9bdbac]
V  [libjvm.so+0x5c70e8]  JNI_CreateJavaVM+0xb8
C  [libjli.so+0x32d4]
C  [libpthread.so.0+0x8728]  start_thread+0xf8


---------------  P R O C E S S  ---------------

VM state:not at safepoint (not fully initialized)

VM Mutex/Monitor currently owned by a thread: None

Deoptimization events (0 events):
No events

Internal exceptions (0 events):
No events

Events (0 events):
No events


Dynamic libraries:
10000000-10010000 r-xp 00000000 fd:00 355921                             /usr/lib/jvm/java-1.8.0-openjdk-1.8.0.141-2.b16.el7_4.ppc64le/jre/bin/java
10010000-10020000 r--p 00000000 fd:00 355921                             /usr/lib/jvm/java-1.8.0-openjdk-1.8.0.141-2.b16.el7_4.ppc64le/jre/bin/java
10020000-10030000 rw-p 00010000 fd:00 355921                             /usr/lib/jvm/java-1.8.0-openjdk-1.8.0.141-2.b16.el7_4.ppc64le/jre/bin/java
100199b0000-100199e0000 rw-p 00000000 00:00 0                            [heap]
3fff80000000-3fff80050000 rw-p 00000000 00:00 0 
3fff80050000-3fff84000000 ---p 00000000 00:00 0 
3fff873f0000-3fff87450000 rw-p 00000000 00:00 0 
3fff87450000-3fff87460000 r-xp 00000000 fd:00 201352771                  /usr/lib64/libnss_files-2.17.so
3fff87460000-3fff87470000 r--p 00000000 fd:00 201352771                  /usr/lib64/libnss_files-2.17.so
3fff87470000-3fff87480000 rw-p 00010000 fd:00 201352771                  /usr/lib64/libnss_files-2.17.so
3fff87480000-3fff87490000 rw-p 00000000 00:00 0 
3fff87490000-3fff874a0000 rw-s 00000000 fd:00 134615633                  /tmp/hsperfdata_maq249/207072
3fff874a0000-3fff874e0000 r-xp 00000000 fd:00 139527200                  /usr/lib/jvm/java-1.8.0-openjdk-1.8.0.141-2.b16.el7_4.ppc64le/jre/lib/ppc64le/libjava.so
3fff874e0000-3fff874f0000 r--p 00030000 fd:00 139527200                  /usr/lib/jvm/java-1.8.0-openjdk-1.8.0.141-2.b16.el7_4.ppc64le/jre/lib/ppc64le/libjava.so
3fff874f0000-3fff87500000 rw-p 00040000 fd:00 139527200                  /usr/lib/jvm/java-1.8.0-openjdk-1.8.0.141-2.b16.el7_4.ppc64le/jre/lib/ppc64le/libjava.so
3fff87500000-3fff87510000 r-xp 00000000 fd:00 139527216                  /usr/lib/jvm/java-1.8.0-openjdk-1.8.0.141-2.b16.el7_4.ppc64le/jre/lib/ppc64le/libverify.so
3fff87510000-3fff87520000 r--p 00000000 fd:00 139527216                  /usr/lib/jvm/java-1.8.0-openjdk-1.8.0.141-2.b16.el7_4.ppc64le/jre/lib/ppc64le/libverify.so
3fff87520000-3fff87530000 rw-p 00010000 fd:00 139527216                  /usr/lib/jvm/java-1.8.0-openjdk-1.8.0.141-2.b16.el7_4.ppc64le/jre/lib/ppc64le/libverify.so
3fff87530000-3fff87540000 r-xp 00000000 fd:00 201352786                  /usr/lib64/librt-2.17.so
3fff87540000-3fff87550000 r--p 00000000 fd:00 201352786                  /usr/lib64/librt-2.17.so
3fff87550000-3fff87560000 rw-p 00010000 fd:00 201352786                  /usr/lib64/librt-2.17.so
3fff87560000-3fff87570000 ---p 00000000 00:00 0 
3fff87570000-3fff87760000 rw-p 00000000 00:00 0                          [stack:207093]
3fff87760000-3fff87780000 r-xp 00000000 fd:00 207594154                  /usr/lib64/libgcc_s-4.8.5-20150702.so.1
3fff87780000-3fff87790000 r--p 00010000 fd:00 207594154                  /usr/lib64/libgcc_s-4.8.5-20150702.so.1
3fff87790000-3fff877a0000 rw-p 00020000 fd:00 207594154                  /usr/lib64/libgcc_s-4.8.5-20150702.so.1
3fff877a0000-3fff87860000 r-xp 00000000 fd:00 201352759                  /usr/lib64/libm-2.17.so
3fff87860000-3fff87870000 r--p 000b0000 fd:00 201352759                  /usr/lib64/libm-2.17.so
3fff87870000-3fff87880000 rw-p 000c0000 fd:00 201352759                  /usr/lib64/libm-2.17.so
3fff87880000-3fff879d0000 r-xp 00000000 fd:00 201352807                  /usr/lib64/libstdc++.so.6.0.19
3fff879d0000-3fff879e0000 ---p 00150000 fd:00 201352807                  /usr/lib64/libstdc++.so.6.0.19
3fff879e0000-3fff879f0000 r--p 00150000 fd:00 201352807                  /usr/lib64/libstdc++.so.6.0.19
3fff879f0000-3fff87a00000 rw-p 00160000 fd:00 201352807                  /usr/lib64/libstdc++.so.6.0.19
3fff87a00000-3fff87a10000 rw-p 00000000 00:00 0 
3fff87a10000-3fff884d0000 r-xp 00000000 fd:00 69011263                   /usr/lib/jvm/java-1.8.0-openjdk-1.8.0.141-2.b16.el7_4.ppc64le/jre/lib/ppc64le/server/libjvm.so
3fff884d0000-3fff884e0000 ---p 00ac0000 fd:00 69011263                   /usr/lib/jvm/java-1.8.0-openjdk-1.8.0.141-2.b16.el7_4.ppc64le/jre/lib/ppc64le/server/libjvm.so
3fff884e0000-3fff88540000 r--p 00ac0000 fd:00 69011263                   /usr/lib/jvm/java-1.8.0-openjdk-1.8.0.141-2.b16.el7_4.ppc64le/jre/lib/ppc64le/server/libjvm.so
3fff88540000-3fff88570000 rw-p 00b20000 fd:00 69011263                   /usr/lib/jvm/java-1.8.0-openjdk-1.8.0.141-2.b16.el7_4.ppc64le/jre/lib/ppc64le/server/libjvm.so
3fff88570000-3fff885a0000 rw-p 00000000 00:00 0 
3fff885a0000-3fff88760000 r-xp 00000000 fd:00 201352750                  /usr/lib64/libc-2.17.so
3fff88760000-3fff88770000 r--p 001b0000 fd:00 201352750                  /usr/lib64/libc-2.17.so
3fff88770000-3fff88780000 rw-p 001c0000 fd:00 201352750                  /usr/lib64/libc-2.17.so
3fff88780000-3fff88790000 r-xp 00000000 fd:00 201352757                  /usr/lib64/libdl-2.17.so
3fff88790000-3fff887a0000 r--p 00000000 fd:00 201352757                  /usr/lib64/libdl-2.17.so
3fff887a0000-3fff887b0000 rw-p 00010000 fd:00 201352757                  /usr/lib64/libdl-2.17.so
3fff887b0000-3fff887c0000 r-xp 00000000 fd:00 846589                     /usr/lib/jvm/java-1.8.0-openjdk-1.8.0.141-2.b16.el7_4.ppc64le/jre/lib/ppc64le/jli/libjli.so
3fff887c0000-3fff887d0000 r--p 00000000 fd:00 846589                     /usr/lib/jvm/java-1.8.0-openjdk-1.8.0.141-2.b16.el7_4.ppc64le/jre/lib/ppc64le/jli/libjli.so
3fff887d0000-3fff887e0000 rw-p 00010000 fd:00 846589                     /usr/lib/jvm/java-1.8.0-openjdk-1.8.0.141-2.b16.el7_4.ppc64le/jre/lib/ppc64le/jli/libjli.so
3fff887e0000-3fff88800000 r-xp 00000000 fd:00 201401289                  /usr/lib64/libz.so.1.2.7
3fff88800000-3fff88810000 r--p 00010000 fd:00 201401289                  /usr/lib64/libz.so.1.2.7
3fff88810000-3fff88820000 rw-p 00020000 fd:00 201401289                  /usr/lib64/libz.so.1.2.7
3fff88820000-3fff88840000 r-xp 00000000 fd:00 201352782                  /usr/lib64/libpthread-2.17.so
3fff88840000-3fff88850000 r--p 00010000 fd:00 201352782                  /usr/lib64/libpthread-2.17.so
3fff88850000-3fff88860000 rw-p 00020000 fd:00 201352782                  /usr/lib64/libpthread-2.17.so
3fff88860000-3fff88870000 rw-p 00000000 00:00 0 
3fff88870000-3fff88880000 r--p 00000000 00:00 0 
3fff88880000-3fff888a0000 r-xp 00000000 00:00 0                          [vdso]
3fff888a0000-3fff888d0000 r-xp 00000000 fd:00 201352742                  /usr/lib64/ld-2.17.so
3fff888d0000-3fff888e0000 r--p 00020000 fd:00 201352742                  /usr/lib64/ld-2.17.so
3fff888e0000-3fff888f0000 rw-p 00030000 fd:00 201352742                  /usr/lib64/ld-2.17.so
3fffe44f0000-3fffe4520000 rw-p 00000000 00:00 0                          [stack]

VM Arguments:
jvm_args: -Dclassworlds.conf=/usr/local/maven/bin/m2.conf -Dmaven.home=/usr/local/maven -Dlibrary.jansi.path=/usr/local/maven/lib/jansi-native -Dmaven.multiModuleProjectDirectory=/home/2016/9223/maq249/prev-code/2Spark-or-JustR/Decision-Trees/dtree_Spark 
java_command: org.codehaus.plexus.classworlds.launcher.Launcher package
java_class_path (initial): /usr/local/maven/boot/plexus-classworlds-2.5.2.jar
Launcher Type: SUN_STANDARD

Environment Variables:
PATH=/usr/lib64/qt-3.3/bin:/home/2016/9223/maq249/perl5/bin:/usr/local/maven/bin:/usr/local/bin:/usr/bin:/usr/local/sbin:/usr/sbin
SHELL=/bin/bash

Signal Handlers:
SIGSEGV: [libjvm.so+0xa2a490], sa_mask[0]=11111111011111111101111111111110, sa_flags=SA_RESTART|SA_SIGINFO
SIGBUS: [libjvm.so+0xa2a490], sa_mask[0]=11111111011111111101111111111110, sa_flags=SA_RESTART|SA_SIGINFO
SIGFPE: [libjvm.so+0x836830], sa_mask[0]=11111111011111111101111111111110, sa_flags=SA_RESTART|SA_SIGINFO
SIGPIPE: [libjvm.so+0x836830], sa_mask[0]=11111111011111111101111111111110, sa_flags=SA_RESTART|SA_SIGINFO
SIGXFSZ: [libjvm.so+0x836830], sa_mask[0]=11111111011111111101111111111110, sa_flags=SA_RESTART|SA_SIGINFO
SIGILL: [libjvm.so+0x836830], sa_mask[0]=11111111011111111101111111111110, sa_flags=SA_RESTART|SA_SIGINFO
SIGUSR1: SIG_DFL, sa_mask[0]=00000000000000000000000000000000, sa_flags=none
SIGUSR2: [libjvm.so+0x836670], sa_mask[0]=00000000000000000000000000000000, sa_flags=SA_RESTART|SA_SIGINFO
SIGHUP: SIG_DFL, sa_mask[0]=00000000000000000000000000000000, sa_flags=none
SIGINT: SIG_DFL, sa_mask[0]=00000000000000000000000000000000, sa_flags=none
SIGTERM: SIG_DFL, sa_mask[0]=00000000000000000000000000000000, sa_flags=none
SIGQUIT: SIG_DFL, sa_mask[0]=00000000000000000000000000000000, sa_flags=none
SIGTRAP: [libjvm.so+0x836830], sa_mask[0]=11111111011111111101111111111110, sa_flags=SA_RESTART|SA_SIGINFO


---------------  S Y S T E M  ---------------

OS:Red Hat Enterprise Linux Server release 7.3 (Maipo)

uname:Linux 3.10.0-229.ael7b.ppc64le #1 SMP Fri Jan 30 12:03:50 EST 2015 ppc64le
libc:glibc 2.17 NPTL 2.17 
rlimit: STACK 8192k, CORE 0k, NPROC 4096, NOFILE 4096, AS infinity
load average:1.24 1.30 1.02

/proc/meminfo:
MemTotal:       102561152 kB
MemFree:        45338240 kB
MemAvailable:   91714304 kB
Buffers:               0 kB
Cached:         44650240 kB
SwapCached:       170752 kB
Active:         39716416 kB
Inactive:        9991744 kB
Active(anon):    4508416 kB
Inactive(anon):   623104 kB
Active(file):   35208000 kB
Inactive(file):  9368640 kB
Unevictable:           0 kB
Mlocked:               0 kB
SwapTotal:       5242816 kB
SwapFree:        4857536 kB
Dirty:                 0 kB
Writeback:          8256 kB
AnonPages:       4875456 kB
Mapped:           115584 kB
Shmem:             74048 kB
Slab:            6590656 kB
SReclaimable:    2475264 kB
SUnreclaim:      4115392 kB
KernelStack:       83408 kB
PageTables:         9216 kB
NFS_Unstable:          0 kB
Bounce:                0 kB
WritebackTmp:          0 kB
CommitLimit:    56523392 kB
Committed_AS:    5362240 kB
VmallocTotal:   8589934592 kB
VmallocUsed:      398912 kB
VmallocChunk:   8589363968 kB
HardwareCorrupted:     0 kB
AnonHugePages:         0 kB
HugePages_Total:       0
HugePages_Free:        0
HugePages_Rsvd:        0
HugePages_Surp:        0
Hugepagesize:      16384 kB


CPU:total 320 (initial active 256) 

/proc/cpuinfo:
processor	: 0
cpu		: POWER8 (architected), altivec supported
clock		: 4356.000000MHz
revision	: 2.0 (pvr 004d 0200)

processor	: 1
cpu		: POWER8 (architected), altivec supported
clock		: 4356.000000MHz
revision	: 2.0 (pvr 004d 0200)

processor	: 2
cpu		: POWER8 (architected), altivec supported
clock		: 4356.000000MHz
revision	: 2.0 (pvr 004d 0200)

processor	: 3
cpu		: POWER8 (architected), altivec supported
clock		: 4356.000000MHz
revision	: 2.0 (pvr 004d 0200)

processor	: 4
cpu		: POWER8 (architected), altivec supported
clock		: 4356.000000MHz
revision	: 2.0 (pvr 004d 0200)

processor	: 5
cpu		: POWER8 (architected), altivec supported
clock		: 4356.000000MHz
revision	: 2.0 (pvr 004d 0200)

processor	: 6
cpu		: POWER8 (architected), altivec supported
clock		: 4356.000000MHz
revision	: 2.0 (pvr 004d 0200)

processor	: 7
cpu		: POWER8 (architected), altivec supported
clock		: 4356.000000MHz
revision	: 2.0 (pvr 004d 0200)

processor	: 8
cpu		: POWER8 (architected), altivec supported
clock		: 4356.000000MHz
revision	: 2.0 (pvr 004d 0200)

processor	: 9
cpu		: POWER8 (architected), altivec supported
clock		: 4356.000000MHz
revision	: 2.0 (pvr 004d 0200)

processor	: 10
cpu		: POWER8 (architected), altivec supported
clock		: 4356.000000MHz
revision	: 2.0 (pvr 004d 0200)

processor	: 11
cpu		: POWER8 (architected), altivec supported
clock		: 4356.000000MHz
revision	: 2.0 (pvr 004d 0200)

processor	: 12
cpu		: POWER8 (architected), altivec supported
clock		: 4356.000000MHz
revision	: 2.0 (pvr 004d 0200)

processor	: 13
cpu		: POWER8 (architected), altivec supported
clock		: 4356.000000MHz
revision	: 2.0 (pvr 004d 0200)

processor	: 14
cpu		: POWER8 (architected), altivec supported
clock		: 4356.000000MHz
revision	: 2.0 (pvr 004d 0200)

processor	: 15
cpu		: POWER8 (architected), altivec supported
clock		: 4356.000000MHz
revision	: 2.0 (pvr 004d 0200)

processor	: 16
cpu		: POWER8 (architected), altivec supported
clock		: 4356.000000MHz
revision	: 2.0 (pvr 004d 0200)

processor	: 17
cpu		: POWER8 (architected), altivec supported
clock		: 4356.000000MHz
revision	: 2.0 (pvr 004d 0200)

processor	: 18
cpu		: POWER8 (architected), altivec supported
clock		: 4356.000000MHz
revision	: 2.0 (pvr 004d 0200)

processor	: 19
cpu		: POWER8 (architected), altivec supported
clock		: 4356.000000MHz
revision	: 2.0 (pvr 004d 0200)

processor	: 20
cpu		: POWER8 (architected), altivec supported
clock		: 4356.000000MHz
revision	: 2.0 (pvr 004d 0200)

processor	: 21
cpu		: POWER8 (architected), altivec supported
clock		: 4356.000000MHz
revision	: 2.0 (pvr 004d 0200)

processor	: 22
cpu		: POWER8 (architected), altivec supported
clock		: 4356.000000MHz
revision	: 2.0 (pvr 004d 0200)

processor	: 23
cpu		: POWER8 (architected), altivec supported
clock		: 4356.000000MHz
revision	: 2.0 (pvr 004d 0200)

processor	: 24
cpu		: POWER8 (architected), altivec supported
clock		: 4356.000000MHz
revision	: 2.0 (pvr 004d 0200)

processor	: 25
cpu		: POWER8 (architected), altivec supported
clock		: 4356.000000MHz
revision	: 2.0 (pvr 004d 0200)

processor	: 26
cpu		: POWER8 (architected), altivec supported
clock		: 4356.000000MHz
revision	: 2.0 (pvr 004d 0200)

processor	: 27
cpu		: POWER8 (architected), altivec supported
clock		: 4356.000000MHz
revision	: 2.0 (pvr 004d 0200)

processor	: 28
cpu		: POWER8 (architected), altivec supported
clock		: 4356.000000MHz
revision	: 2.0 (pvr 004d 0200)

processor	: 29
cpu		: POWER8 (architected), altivec supported
clock		: 4356.000000MHz
revision	: 2.0 (pvr 004d 0200)

processor	: 30
cpu		: POWER8 (architected), altivec supported
clock		: 4356.000000MHz
revision	: 2.0 (pvr 004d 0200)

processor	: 31
cpu		: POWER8 (architected), altivec supported
clock		: 4356.000000MHz
revision	: 2.0 (pvr 004d 0200)

processor	: 32
cpu		: POWER8 (architected), altivec supported
clock		: 4356.000000MHz
revision	: 2.0 (pvr 004d 0200)

processor	: 33
cpu		: POWER8 (architected), altivec supported
clock		: 4356.000000MHz
revision	: 2.0 (pvr 004d 0200)

processor	: 34
cpu		: POWER8 (architected), altivec supported
clock		: 4356.000000MHz
revision	: 2.0 (pvr 004d 0200)

processor	: 35
cpu		: POWER8 (architected), altivec supported
clock		: 4356.000000MHz
revision	: 2.0 (pvr 004d 0200)

processor	: 36
cpu		: POWER8 (architected), altivec supported
clock		: 4356.000000MHz
revision	: 2.0 (pvr 004d 0200)

processor	: 37
cpu		: POWER8 (architected), altivec supported
clock		: 4356.000000MHz
revision	: 2.0 (pvr 004d 0200)

processor	: 38
cpu		: POWER8 (architected), altivec supported
clock		: 4356.000000MHz
revision	: 2.0 (pvr 004d 0200)

processor	: 39
cpu		: POWER8 (architected), altivec supported
clock		: 4356.000000MHz
revision	: 2.0 (pvr 004d 0200)

processor	: 40
cpu		: POWER8 (architected), altivec supported
clock		: 4356.000000MHz
revision	: 2.0 (pvr 004d 0200)

processor	: 41
cpu		: POWER8 (architected), altivec supported
clock		: 4356.000000MHz
revision	: 2.0 (pvr 004d 0200)

processor	: 42
cpu		: POWER8 (architected), altivec supported
clock		: 4356.000000MHz
revision	: 2.0 (pvr 004d 0200)

processor	: 43
cpu		: POWER8 (architected), altivec supported
clock		: 4356.000000MHz
revision	: 2.0 (pvr 004d 0200)

processor	: 44
cpu		: POWER8 (architected), altivec supported
clock		: 4356.000000MHz
revision	: 2.0 (pvr 004d 0200)

processor	: 45
cpu		: POWER8 (architected), altivec supported
clock		: 4356.000000MHz
revision	: 2.0 (pvr 004d 0200)

processor	: 46
cpu		: POWER8 (architected), altivec supported
clock		: 4356.000000MHz
revision	: 2.0 (pvr 004d 0200)

processor	: 47
cpu		: POWER8 (architected), altivec supported
clock		: 4356.000000MHz
revision	: 2.0 (pvr 004d 0200)

processor	: 48
cpu		: POWER8 (architected), altivec supported
clock		: 4356.000000MHz
revision	: 2.0 (pvr 004d 0200)

processor	: 49
cpu		: POWER8 (architected), altivec supported
clock		: 4356.000000MHz
revision	: 2.0 (pvr 004d 0200)

processor	: 50
cpu		: POWER8 (architected), altivec supported
clock		: 4356.000000MHz
revision	: 2.0 (pvr 004d 0200)

processor	: 51
cpu		: POWER8 (architected), altivec supported
clock		: 4356.000000MHz
revision	: 2.0 (pvr 004d 0200)

processor	: 52
cpu		: POWER8 (architected), altivec supported
clock		: 4356.000000MHz
revision	: 2.0 (pvr 004d 0200)

processor	: 53
cpu		: POWER8 (architected), altivec supported
clock		: 4356.000000MHz
revision	: 2.0 (pvr 004d 0200)

processor	: 54
cpu		: POWER8 (architected), altivec supported
clock		: 4356.000000MHz
revision	: 2.0 (pvr 004d 0200)

processor	: 55
cpu		: POWER8 (architected), altivec supported
clock		: 4356.000000MHz
revision	: 2.0 (pvr 004d 0200)

processor	: 56
cpu		: POWER8 (architected), altivec supported
clock		: 4356.000000MHz
revision	: 2.0 (pvr 004d 0200)

processor	: 57
cpu		: POWER8 (architected), altivec supported
clock		: 4356.000000MHz
revision	: 2.0 (pvr 004d 0200)

processor	: 58
cpu		: POWER8 (architected), altivec supported
clock		: 4356.000000MHz
revision	: 2.0 (pvr 004d 0200)

processor	: 59
cpu		: POWER8 (architected), altivec supported
clock		: 4356.000000MHz
revision	: 2.0 (pvr 004d 0200)

processor	: 60
cpu		: POWER8 (architected), altivec supported
clock		: 4356.000000MHz
revision	: 2.0 (pvr 004d 0200)

processor	: 61
cpu		: POWER8 (architected), altivec supported
clock		: 4356.000000MHz
revision	: 2.0 (pvr 004d 0200)

processor	: 62
cpu		: POWER8 (architected), altivec supported
clock		: 4356.000000MHz
revision	: 2.0 (pvr 004d 0200)

processor	: 63
cpu		: POWER8 (architected), altivec supported
clock		: 4356.000000MHz
revision	: 2.0 (pvr 004d 0200)

processor	: 64
cpu		: POWER8 (architected), altivec supported
clock		: 4356.000000MHz
revision	: 2.0 (pvr 004d 0200)

processor	: 65
cpu		: POWER8 (architected), altivec supported
clock		: 4356.000000MHz
revision	: 2.0 (pvr 004d 0200)

processor	: 66
cpu		: POWER8 (architected), altivec supported
clock		: 4356.000000MHz
revision	: 2.0 (pvr 004d 0200)

processor	: 67
cpu		: POWER8 (architected), altivec supported
clock		: 4356.000000MHz
revision	: 2.0 (pvr 004d 0200)

processor	: 68
cpu		: POWER8 (architected), altivec supported
clock		: 4356.000000MHz
revision	: 2.0 (pvr 004d 0200)

processor	: 69
cpu		: POWER8 (architected), altivec supported
clock		: 4356.000000MHz
revision	: 2.0 (pvr 004d 0200)

processor	: 70
cpu		: POWER8 (architected), altivec supported
clock		: 4356.000000MHz
revision	: 2.0 (pvr 004d 0200)

processor	: 71
cpu		: POWER8 (architected), altivec supported
clock		: 4356.000000MHz
revision	: 2.0 (pvr 004d 0200)

processor	: 72
cpu		: POWER8 (architected), altivec supported
clock		: 4356.000000MHz
revision	: 2.0 (pvr 004d 0200)

processor	: 73
cpu		: POWER8 (architected), altivec supported
clock		: 4356.000000MHz
revision	: 2.0 (pvr 004d 0200)

processor	: 74
cpu		: POWER8 (architected), altivec supported
clock		: 4356.000000MHz
revision	: 2.0 (pvr 004d 0200)

processor	: 75
cpu		: POWER8 (architected), altivec supported
clock		: 4356.000000MHz
revision	: 2.0 (pvr 004d 0200)

processor	: 76
cpu		: POWER8 (architected), altivec supported
clock		: 4356.000000MHz
revision	: 2.0 (pvr 004d 0200)

processor	: 77
cpu		: POWER8 (architected), altivec supported
clock		: 4356.000000MHz
revision	: 2.0 (pvr 004d 0200)

processor	: 78
cpu		: POWER8 (architected), altivec supported
clock		: 4356.000000MHz
revision	: 2.0 (pvr 004d 0200)

processor	: 79
cpu		: POWER8 (architected), altivec supported
clock		: 4356.000000MHz
revision	: 2.0 (pvr 004d 0200)

processor	: 80
cpu		: POWER8 (architected), altivec supported
clock		: 4356.000000MHz
revision	: 2.0 (pvr 004d 0200)

processor	: 81
cpu		: POWER8 (architected), altivec supported
clock		: 4356.000000MHz
revision	: 2.0 (pvr 004d 0200)

processor	: 82
cpu		: POWER8 (architected), altivec supported
clock		: 4356.000000MHz
revision	: 2.0 (pvr 004d 0200)

processor	: 83
cpu		: POWER8 (architected), altivec supported
clock		: 4356.000000MHz
revision	: 2.0 (pvr 004d 0200)

processor	: 84
cpu		: POWER8 (architected), altivec supported
clock		: 4356.000000MHz
revision	: 2.0 (pvr 004d 0200)

processor	: 85
cpu		: POWER8 (architected), altivec supported
clock		: 4356.000000MHz
revision	: 2.0 (pvr 004d 0200)

processor	: 86
cpu		: POWER8 (architected), altivec supported
clock		: 4356.000000MHz
revision	: 2.0 (pvr 004d 0200)

processor	: 87
cpu		: POWER8 (architected), altivec supported
clock		: 4356.000000MHz
revision	: 2.0 (pvr 004d 0200)

processor	: 88
cpu		: POWER8 (architected), altivec supported
clock		: 4356.000000MHz
revision	: 2.0 (pvr 004d 0200)

processor	: 89
cpu		: POWER8 (architected), altivec supported
clock		: 4356.000000MHz
revision	: 2.0 (pvr 004d 0200)

processor	: 90
cpu		: POWER8 (architected), altivec supported
clock		: 4356.000000MHz
revision	: 2.0 (pvr 004d 0200)

processor	: 91
cpu		: POWER8 (architected), altivec supported
clock		: 4356.000000MHz
revision	: 2.0 (pvr 004d 0200)

processor	: 92
cpu		: POWER8 (architected), altivec supported
clock		: 4356.000000MHz
revision	: 2.0 (pvr 004d 0200)

processor	: 93
cpu		: POWER8 (architected), altivec supported
clock		: 4356.000000MHz
revision	: 2.0 (pvr 004d 0200)

processor	: 94
cpu		: POWER8 (architected), altivec supported
clock		: 4356.000000MHz
revision	: 2.0 (pvr 004d 0200)

processor	: 95
cpu		: POWER8 (architected), altivec supported
clock		: 4356.000000MHz
revision	: 2.0 (pvr 004d 0200)

processor	: 96
cpu		: POWER8 (architected), altivec supported
clock		: 4356.000000MHz
revision	: 2.0 (pvr 004d 0200)

processor	: 97
cpu		: POWER8 (architected), altivec supported
clock		: 4356.000000MHz
revision	: 2.0 (pvr 004d 0200)

processor	: 98
cpu		: POWER8 (architected), altivec supported
clock		: 4356.000000MHz
revision	: 2.0 (pvr 004d 0200)

processor	: 99
cpu		: POWER8 (architected), altivec supported
clock		: 4356.000000MHz
revision	: 2.0 (pvr 004d 0200)

processor	: 100
cpu		: POWER8 (architected), altivec supported
clock		: 4356.000000MHz
revision	: 2.0 (pvr 004d 0200)

processor	: 101
cpu		: POWER8 (architected), altivec supported
clock		: 4356.000000MHz
revision	: 2.0 (pvr 004d 0200)

processor	: 102
cpu		: POWER8 (architected), altivec supported
clock		: 4356.000000MHz
revision	: 2.0 (pvr 004d 0200)

processor	: 103
cpu		: POWER8 (architected), altivec supported
clock		: 4356.000000MHz
revision	: 2.0 (pvr 004d 0200)

processor	: 104
cpu		: POWER8 (architected), altivec supported
clock		: 4356.000000MHz
revision	: 2.0 (pvr 004d 0200)

processor	: 105
cpu		: POWER8 (architected), altivec supported
clock		: 4356.000000MHz
revision	: 2.0 (pvr 004d 0200)

processor	: 106
cpu		: POWER8 (architected), altivec supported
clock		: 4356.000000MHz
revision	: 2.0 (pvr 004d 0200)

processor	: 107
cpu		: POWER8 (architected), altivec supported
clock		: 4356.000000MHz
revision	: 2.0 (pvr 004d 0200)

processor	: 108
cpu		: POWER8 (architected), altivec supported
clock		: 4356.000000MHz
revision	: 2.0 (pvr 004d 0200)

processor	: 109
cpu		: POWER8 (architected), altivec supported
clock		: 4356.000000MHz
revision	: 2.0 (pvr 004d 0200)

processor	: 110
cpu		: POWER8 (architected), altivec supported
clock		: 4356.000000MHz
revision	: 2.0 (pvr 004d 0200)

processor	: 111
cpu		: POWER8 (architected), altivec supported
clock		: 4356.000000MHz
revision	: 2.0 (pvr 004d 0200)

processor	: 112
cpu		: POWER8 (architected), altivec supported
clock		: 4356.000000MHz
revision	: 2.0 (pvr 004d 0200)

processor	: 113
cpu		: POWER8 (architected), altivec supported
clock		: 4356.000000MHz
revision	: 2.0 (pvr 004d 0200)

processor	: 114
cpu		: POWER8 (architected), altivec supported
clock		: 4356.000000MHz
revision	: 2.0 (pvr 004d 0200)

processor	: 115
cpu		: POWER8 (architected), altivec supported
clock		: 4356.000000MHz
revision	: 2.0 (pvr 004d 0200)

processor	: 116
cpu		: POWER8 (architected), altivec supported
clock		: 4356.000000MHz
revision	: 2.0 (pvr 004d 0200)

processor	: 117
cpu		: POWER8 (architected), altivec supported
clock		: 4356.000000MHz
revision	: 2.0 (pvr 004d 0200)

processor	: 118
cpu		: POWER8 (architected), altivec supported
clock		: 4356.000000MHz
revision	: 2.0 (pvr 004d 0200)

processor	: 119
cpu		: POWER8 (architected), altivec supported
clock		: 4356.000000MHz
revision	: 2.0 (pvr 004d 0200)

processor	: 120
cpu		: POWER8 (architected), altivec supported
clock		: 4356.000000MHz
revision	: 2.0 (pvr 004d 0200)

processor	: 121
cpu		: POWER8 (architected), altivec supported
clock		: 4356.000000MHz
revision	: 2.0 (pvr 004d 0200)

processor	: 122
cpu		: POWER8 (architected), altivec supported
clock		: 4356.000000MHz
revision	: 2.0 (pvr 004d 0200)

processor	: 123
cpu		: POWER8 (architected), altivec supported
clock		: 4356.000000MHz
revision	: 2.0 (pvr 004d 0200)

processor	: 124
cpu		: POWER8 (architected), altivec supported
clock		: 4356.000000MHz
revision	: 2.0 (pvr 004d 0200)

processor	: 125
cpu		: POWER8 (architected), altivec supported
clock		: 4356.000000MHz
revision	: 2.0 (pvr 004d 0200)

processor	: 126
cpu		: POWER8 (architected), altivec supported
clock		: 4356.000000MHz
revision	: 2.0 (pvr 004d 0200)

processor	: 127
cpu		: POWER8 (architected), altivec supported
clock		: 4356.000000MHz
revision	: 2.0 (pvr 004d 0200)

processor	: 128
cpu		: POWER8 (architected), altivec supported
clock		: 4356.000000MHz
revision	: 2.0 (pvr 004d 0200)

processor	: 129
cpu		: POWER8 (architected), altivec supported
clock		: 4356.000000MHz
revision	: 2.0 (pvr 004d 0200)

processor	: 130
cpu		: POWER8 (architected), altivec supported
clock		: 4356.000000MHz
revision	: 2.0 (pvr 004d 0200)

processor	: 131
cpu		: POWER8 (architected), altivec supported
clock		: 4356.000000MHz
revision	: 2.0 (pvr 004d 0200)

processor	: 132
cpu		: POWER8 (architected), altivec supported
clock		: 4356.000000MHz
revision	: 2.0 (pvr 004d 0200)

processor	: 133
cpu		: POWER8 (architected), altivec supported
clock		: 4356.000000MHz
revision	: 2.0 (pvr 004d 0200)

processor	: 134
cpu		: POWER8 (architected), altivec supported
clock		: 4356.000000MHz
revision	: 2.0 (pvr 004d 0200)

processor	: 135
cpu		: POWER8 (architected), altivec supported
clock		: 4356.000000MHz
revision	: 2.0 (pvr 004d 0200)

processor	: 136
cpu		: POWER8 (architected), altivec supported
clock		: 4356.000000MHz
revision	: 2.0 (pvr 004d 0200)

processor	: 137
cpu		: POWER8 (architected), altivec supported
clock		: 4356.000000MHz
revision	: 2.0 (pvr 004d 0200)

processor	: 138
cpu		: POWER8 (architected), altivec supported
clock		: 4356.000000MHz
revision	: 2.0 (pvr 004d 0200)

processor	: 139
cpu		: POWER8 (architected), altivec supported
clock		: 4356.000000MHz
revision	: 2.0 (pvr 004d 0200)

processor	: 140
cpu		: POWER8 (architected), altivec supported
clock		: 4356.000000MHz
revision	: 2.0 (pvr 004d 0200)

processor	: 141
cpu		: POWER8 (architected), altivec supported
clock		: 4356.000000MHz
revision	: 2.0 (pvr 004d 0200)

processor	: 142
cpu		: POWER8 (architected), altivec supported
clock		: 4356.000000MHz
revision	: 2.0 (pvr 004d 0200)

processor	: 143
cpu		: POWER8 (architected), altivec supported
clock		: 4356.000000MHz
revision	: 2.0 (pvr 004d 0200)

processor	: 144
cpu		: POWER8 (architected), altivec supported
clock		: 4356.000000MHz
revision	: 2.0 (pvr 004d 0200)

processor	: 145
cpu		: POWER8 (architected), altivec supported
clock		: 4356.000000MHz
revision	: 2.0 (pvr 004d 0200)

processor	: 146
cpu		: POWER8 (architected), altivec supported
clock		: 4356.000000MHz
revision	: 2.0 (pvr 004d 0200)

processor	: 147
cpu		: POWER8 (architected), altivec supported
clock		: 4356.000000MHz
revision	: 2.0 (pvr 004d 0200)

processor	: 148
cpu		: POWER8 (architected), altivec supported
clock		: 4356.000000MHz
revision	: 2.0 (pvr 004d 0200)

processor	: 149
cpu		: POWER8 (architected), altivec supported
clock		: 4356.000000MHz
revision	: 2.0 (pvr 004d 0200)

processor	: 150
cpu		: POWER8 (architected), altivec supported
clock		: 4356.000000MHz
revision	: 2.0 (pvr 004d 0200)

processor	: 151
cpu		: POWER8 (architected), altivec supported
clock		: 4356.000000MHz
revision	: 2.0 (pvr 004d 0200)

processor	: 152
cpu		: POWER8 (architected), altivec supported
clock		: 4356.000000MHz
revision	: 2.0 (pvr 004d 0200)

processor	: 153
cpu		: POWER8 (architected), altivec supported
clock		: 4356.000000MHz
revision	: 2.0 (pvr 004d 0200)

processor	: 154
cpu		: POWER8 (architected), altivec supported
clock		: 4356.000000MHz
revision	: 2.0 (pvr 004d 0200)

processor	: 155
cpu		: POWER8 (architected), altivec supported
clock		: 4356.000000MHz
revision	: 2.0 (pvr 004d 0200)

processor	: 156
cpu		: POWER8 (architected), altivec supported
clock		: 4356.000000MHz
revision	: 2.0 (pvr 004d 0200)

processor	: 157
cpu		: POWER8 (architected), altivec supported
clock		: 4356.000000MHz
revision	: 2.0 (pvr 004d 0200)

processor	: 158
cpu		: POWER8 (architected), altivec supported
clock		: 4356.000000MHz
revision	: 2.0 (pvr 004d 0200)

processor	: 159
cpu		: POWER8 (architected), altivec supported
clock		: 4356.000000MHz
revision	: 2.0 (pvr 004d 0200)

processor	: 160
cpu		: POWER8 (architected), altivec supported
clock		: 4356.000000MHz
revision	: 2.0 (pvr 004d 0200)

processor	: 161
cpu		: POWER8 (architected), altivec supported
clock		: 4356.000000MHz
revision	: 2.0 (pvr 004d 0200)

processor	: 162
cpu		: POWER8 (architected), altivec supported
clock		: 4356.000000MHz
revision	: 2.0 (pvr 004d 0200)

processor	: 163
cpu		: POWER8 (architected), altivec supported
clock		: 4356.000000MHz
revision	: 2.0 (pvr 004d 0200)

processor	: 164
cpu		: POWER8 (architected), altivec supported
clock		: 4356.000000MHz
revision	: 2.0 (pvr 004d 0200)

processor	: 165
cpu		: POWER8 (architected), altivec supported
clock		: 4356.000000MHz
revision	: 2.0 (pvr 004d 0200)

processor	: 166
cpu		: POWER8 (architected), altivec supported
clock		: 4356.000000MHz
revision	: 2.0 (pvr 004d 0200)

processor	: 167
cpu		: POWER8 (architected), altivec supported
clock		: 4356.000000MHz
revision	: 2.0 (pvr 004d 0200)

processor	: 168
cpu		: POWER8 (architected), altivec supported
clock		: 4356.000000MHz
revision	: 2.0 (pvr 004d 0200)

processor	: 169
cpu		: POWER8 (architected), altivec supported
clock		: 4356.000000MHz
revision	: 2.0 (pvr 004d 0200)

processor	: 170
cpu		: POWER8 (architected), altivec supported
clock		: 4356.000000MHz
revision	: 2.0 (pvr 004d 0200)

processor	: 171
cpu		: POWER8 (architected), altivec supported
clock		: 4356.000000MHz
revision	: 2.0 (pvr 004d 0200)

processor	: 172
cpu		: POWER8 (architected), altivec supported
clock		: 4356.000000MHz
revision	: 2.0 (pvr 004d 0200)

processor	: 173
cpu		: POWER8 (architected), altivec supported
clock		: 4356.000000MHz
revision	: 2.0 (pvr 004d 0200)

processor	: 174
cpu		: POWER8 (architected), altivec supported
clock		: 4356.000000MHz
revision	: 2.0 (pvr 004d 0200)

processor	: 175
cpu		: POWER8 (architected), altivec supported
clock		: 4356.000000MHz
revision	: 2.0 (pvr 004d 0200)

processor	: 176
cpu		: POWER8 (architected), altivec supported
clock		: 4356.000000MHz
revision	: 2.0 (pvr 004d 0200)

processor	: 177
cpu		: POWER8 (architected), altivec supported
clock		: 4356.000000MHz
revision	: 2.0 (pvr 004d 0200)

processor	: 178
cpu		: POWER8 (architected), altivec supported
clock		: 4356.000000MHz
revision	: 2.0 (pvr 004d 0200)

processor	: 179
cpu		: POWER8 (architected), altivec supported
clock		: 4356.000000MHz
revision	: 2.0 (pvr 004d 0200)

processor	: 180
cpu		: POWER8 (architected), altivec supported
clock		: 4356.000000MHz
revision	: 2.0 (pvr 004d 0200)

processor	: 181
cpu		: POWER8 (architected), altivec supported
clock		: 4356.000000MHz
revision	: 2.0 (pvr 004d 0200)

processor	: 182
cpu		: POWER8 (architected), altivec supported
clock		: 4356.000000MHz
revision	: 2.0 (pvr 004d 0200)

processor	: 183
cpu		: POWER8 (architected), altivec supported
clock		: 4356.000000MHz
revision	: 2.0 (pvr 004d 0200)

processor	: 184
cpu		: POWER8 (architected), altivec supported
clock		: 4356.000000MHz
revision	: 2.0 (pvr 004d 0200)

processor	: 185
cpu		: POWER8 (architected), altivec supported
clock		: 4356.000000MHz
revision	: 2.0 (pvr 004d 0200)

processor	: 186
cpu		: POWER8 (architected), altivec supported
clock		: 4356.000000MHz
revision	: 2.0 (pvr 004d 0200)

processor	: 187
cpu		: POWER8 (architected), altivec supported
clock		: 4356.000000MHz
revision	: 2.0 (pvr 004d 0200)

processor	: 188
cpu		: POWER8 (architected), altivec supported
clock		: 4356.000000MHz
revision	: 2.0 (pvr 004d 0200)

processor	: 189
cpu		: POWER8 (architected), altivec supported
clock		: 4356.000000MHz
revision	: 2.0 (pvr 004d 0200)

processor	: 190
cpu		: POWER8 (architected), altivec supported
clock		: 4356.000000MHz
revision	: 2.0 (pvr 004d 0200)

processor	: 191
cpu		: POWER8 (architected), altivec supported
clock		: 4356.000000MHz
revision	: 2.0 (pvr 004d 0200)

processor	: 192
cpu		: POWER8 (architected), altivec supported
clock		: 4356.000000MHz
revision	: 2.0 (pvr 004d 0200)

processor	: 193
cpu		: POWER8 (architected), altivec supported
clock		: 4356.000000MHz
revision	: 2.0 (pvr 004d 0200)

processor	: 194
cpu		: POWER8 (architected), altivec supported
clock		: 4356.000000MHz
revision	: 2.0 (pvr 004d 0200)

processor	: 195
cpu		: POWER8 (architected), altivec supported
clock		: 4356.000000MHz
revision	: 2.0 (pvr 004d 0200)

processor	: 196
cpu		: POWER8 (architected), altivec supported
clock		: 4356.000000MHz
revision	: 2.0 (pvr 004d 0200)

processor	: 197
cpu		: POWER8 (architected), altivec supported
clock		: 4356.000000MHz
revision	: 2.0 (pvr 004d 0200)

processor	: 198
cpu		: POWER8 (architected), altivec supported
clock		: 4356.000000MHz
revision	: 2.0 (pvr 004d 0200)

processor	: 199
cpu		: POWER8 (architected), altivec supported
clock		: 4356.000000MHz
revision	: 2.0 (pvr 004d 0200)

processor	: 200
cpu		: POWER8 (architected), altivec supported
clock		: 4356.000000MHz
revision	: 2.0 (pvr 004d 0200)

processor	: 201
cpu		: POWER8 (architected), altivec supported
clock		: 4356.000000MHz
revision	: 2.0 (pvr 004d 0200)

processor	: 202
cpu		: POWER8 (architected), altivec supported
clock		: 4356.000000MHz
revision	: 2.0 (pvr 004d 0200)

processor	: 203
cpu		: POWER8 (architected), altivec supported
clock		: 4356.000000MHz
revision	: 2.0 (pvr 004d 0200)

processor	: 204
cpu		: POWER8 (architected), altivec supported
clock		: 4356.000000MHz
revision	: 2.0 (pvr 004d 0200)

processor	: 205
cpu		: POWER8 (architected), altivec supported
clock		: 4356.000000MHz
revision	: 2.0 (pvr 004d 0200)

processor	: 206
cpu		: POWER8 (architected), altivec supported
clock		: 4356.000000MHz
revision	: 2.0 (pvr 004d 0200)

processor	: 207
cpu		: POWER8 (architected), altivec supported
clock		: 4356.000000MHz
revision	: 2.0 (pvr 004d 0200)

processor	: 208
cpu		: POWER8 (architected), altivec supported
clock		: 4356.000000MHz
revision	: 2.0 (pvr 004d 0200)

processor	: 209
cpu		: POWER8 (architected), altivec supported
clock		: 4356.000000MHz
revision	: 2.0 (pvr 004d 0200)

processor	: 210
cpu		: POWER8 (architected), altivec supported
clock		: 4356.000000MHz
revision	: 2.0 (pvr 004d 0200)

processor	: 211
cpu		: POWER8 (architected), altivec supported
clock		: 4356.000000MHz
revision	: 2.0 (pvr 004d 0200)

processor	: 212
cpu		: POWER8 (architected), altivec supported
clock		: 4356.000000MHz
revision	: 2.0 (pvr 004d 0200)

processor	: 213
cpu		: POWER8 (architected), altivec supported
clock		: 4356.000000MHz
revision	: 2.0 (pvr 004d 0200)

processor	: 214
cpu		: POWER8 (architected), altivec supported
clock		: 4356.000000MHz
revision	: 2.0 (pvr 004d 0200)

processor	: 215
cpu		: POWER8 (architected), altivec supported
clock		: 4356.000000MHz
revision	: 2.0 (pvr 004d 0200)

processor	: 216
cpu		: POWER8 (architected), altivec supported
clock		: 4356.000000MHz
revision	: 2.0 (pvr 004d 0200)

processor	: 217
cpu		: POWER8 (architected), altivec supported
clock		: 4356.000000MHz
revision	: 2.0 (pvr 004d 0200)

processor	: 218
cpu		: POWER8 (architected), altivec supported
clock		: 4356.000000MHz
revision	: 2.0 (pvr 004d 0200)

processor	: 219
cpu		: POWER8 (architected), altivec supported
clock		: 4356.000000MHz
revision	: 2.0 (pvr 004d 0200)

processor	: 220
cpu		: POWER8 (architected), altivec supported
clock		: 4356.000000MHz
revision	: 2.0 (pvr 004d 0200)

processor	: 221
cpu		: POWER8 (architected), altivec supported
clock		: 4356.000000MHz
revision	: 2.0 (pvr 004d 0200)

processor	: 222
cpu		: POWER8 (architected), altivec supported
clock		: 4356.000000MHz
revision	: 2.0 (pvr 004d 0200)

processor	: 223
cpu		: POWER8 (architected), altivec supported
clock		: 4356.000000MHz
revision	: 2.0 (pvr 004d 0200)

processor	: 224
cpu		: POWER8 (architected), altivec supported
clock		: 4356.000000MHz
revision	: 2.0 (pvr 004d 0200)

processor	: 225
cpu		: POWER8 (architected), altivec supported
clock		: 4356.000000MHz
revision	: 2.0 (pvr 004d 0200)

processor	: 226
cpu		: POWER8 (architected), altivec supported
clock		: 4356.000000MHz
revision	: 2.0 (pvr 004d 0200)

processor	: 227
cpu		: POWER8 (architected), altivec supported
clock		: 4356.000000MHz
revision	: 2.0 (pvr 004d 0200)

processor	: 228
cpu		: POWER8 (architected), altivec supported
clock		: 4356.000000MHz
revision	: 2.0 (pvr 004d 0200)

processor	: 229
cpu		: POWER8 (architected), altivec supported
clock		: 4356.000000MHz
revision	: 2.0 (pvr 004d 0200)

processor	: 230
cpu		: POWER8 (architected), altivec supported
clock		: 4356.000000MHz
revision	: 2.0 (pvr 004d 0200)

processor	: 231
cpu		: POWER8 (architected), altivec supported
clock		: 4356.000000MHz
revision	: 2.0 (pvr 004d 0200)

processor	: 232
cpu		: POWER8 (architected), altivec supported
clock		: 4356.000000MHz
revision	: 2.0 (pvr 004d 0200)

processor	: 233
cpu		: POWER8 (architected), altivec supported
clock		: 4356.000000MHz
revision	: 2.0 (pvr 004d 0200)

processor	: 234
cpu		: POWER8 (architected), altivec supported
clock		: 4356.000000MHz
revision	: 2.0 (pvr 004d 0200)

processor	: 235
cpu		: POWER8 (architected), altivec supported
clock		: 4356.000000MHz
revision	: 2.0 (pvr 004d 0200)

processor	: 236
cpu		: POWER8 (architected), altivec supported
clock		: 4356.000000MHz
revision	: 2.0 (pvr 004d 0200)

processor	: 237
cpu		: POWER8 (architected), altivec supported
clock		: 4356.000000MHz
revision	: 2.0 (pvr 004d 0200)

processor	: 238
cpu		: POWER8 (architected), altivec supported
clock		: 4356.000000MHz
revision	: 2.0 (pvr 004d 0200)

processor	: 239
cpu		: POWER8 (architected), altivec supported
clock		: 4356.000000MHz
revision	: 2.0 (pvr 004d 0200)

processor	: 240
cpu		: POWER8 (architected), altivec supported
clock		: 4356.000000MHz
revision	: 2.0 (pvr 004d 0200)

processor	: 241
cpu		: POWER8 (architected), altivec supported
clock		: 4356.000000MHz
revision	: 2.0 (pvr 004d 0200)

processor	: 242
cpu		: POWER8 (architected), altivec supported
clock		: 4356.000000MHz
revision	: 2.0 (pvr 004d 0200)

processor	: 243
cpu		: POWER8 (architected), altivec supported
clock		: 4356.000000MHz
revision	: 2.0 (pvr 004d 0200)

processor	: 244
cpu		: POWER8 (architected), altivec supported
clock		: 4356.000000MHz
revision	: 2.0 (pvr 004d 0200)

processor	: 245
cpu		: POWER8 (architected), altivec supported
clock		: 4356.000000MHz
revision	: 2.0 (pvr 004d 0200)

processor	: 246
cpu		: POWER8 (architected), altivec supported
clock		: 4356.000000MHz
revision	: 2.0 (pvr 004d 0200)

processor	: 247
cpu		: POWER8 (architected), altivec supported
clock		: 4356.000000MHz
revision	: 2.0 (pvr 004d 0200)

processor	: 248
cpu		: POWER8 (architected), altivec supported
clock		: 4356.000000MHz
revision	: 2.0 (pvr 004d 0200)

processor	: 249
cpu		: POWER8 (architected), altivec supported
clock		: 4356.000000MHz
revision	: 2.0 (pvr 004d 0200)

processor	: 250
cpu		: POWER8 (architected), altivec supported
clock		: 4356.000000MHz
revision	: 2.0 (pvr 004d 0200)

processor	: 251
cpu		: POWER8 (architected), altivec supported
clock		: 4356.000000MHz
revision	: 2.0 (pvr 004d 0200)

processor	: 252
cpu		: POWER8 (architected), altivec supported
clock		: 4356.000000MHz
revision	: 2.0 (pvr 004d 0200)

processor	: 253
cpu		: POWER8 (architected), altivec supported
clock		: 4356.000000MHz
revision	: 2.0 (pvr 004d 0200)

processor	: 254
cpu		: POWER8 (architected), altivec supported
clock		: 4356.000000MHz
revision	: 2.0 (pvr 004d 0200)

processor	: 255
cpu		: POWER8 (architected), altivec supported
clock		: 4356.000000MHz
revision	: 2.0 (pvr 004d 0200)

timebase	: 512000000
platform	: pSeries
model		: IBM,9119-MHE
machine		: CHRP IBM,9119-MHE


Memory: 64k page, physical 102561152k(45338240k free), swap 5242816k(4857536k free)

vm_info: OpenJDK 64-Bit Server VM (25.141-b16) for linux-ppc64 JRE (1.8.0_141-b16), built on Jul 14 2017 11:44:22 by "mockbuild" with gcc 4.8.5 20150623 (Red Hat 4.8.5-16)

time: Sat Jun 30 16:48:30 2018
elapsed time: 0 seconds (0d 0h 0m 0s)

